<?xml version="1.0" encoding="UTF-8"?>
<!-- Generated by org.testng.reporters.JUnitReportReporter -->
<testsuite hostname="Arjun" failures="0" tests="1" name="practise.TimeProgram" time="0.073" errors="0" timestamp="2024-05-22T22:12:55 IST" skipped="0">
  <testcase classname="practise.TimeProgram" name="getDateAndTime" time="0.073"/>
  <system-out/>
</testsuite> <!-- practise.TimeProgram -->
